-o-o-o-o-o-
Fecha: 13-07-2020 04:15:48
Operacion: Inicio
Usuario: toba
Version-PHP: 5.6.3
Servidor: localhost
URI: /personal/1.0/?ai=personal&tcm=previsualizacion&tm=1
Referrer: http://localhost/toba_editor/2.7/aplicacion.php?ah=st5f0bc3d01b1177.94322962&ai=toba_editor%7C%7C1000241
Host: ::1
==========
[INFO][toba] Se detecto acceso desde el menu. Se limpia la memoria de la operacion
[DEBUG][toba] Cargando USUARIO 'toba' en el proyecto 'personal'
[DEBUG][toba] Crear SESION '13' en el proyecto 'personal'
[DEBUG][toba] Se creo la SESION [usuario: toba ]
[DEBUG][personal] INSTALACION "C:/proyectos/toba/instalacion"
[DEBUG][personal] Parametros instancia desarrollo: array (
  'base' => 'toba_2_7',
  'proyectos' => 'toba_editor, toba_referencia, toba_usuarios, cit_digesto, personal',
  'tipo' => 'normal',
  'toba_editor' => 
  array (
    'path' => 'C:\\proyectos\\toba/proyectos/toba_editor',
    'url' => '/toba_editor/2.7',
  ),
  'toba_referencia' => 
  array (
    'path' => 'C:\\proyectos\\toba/proyectos/toba_referencia',
    'url' => '/toba_referencia/2.7',
  ),
  'toba_usuarios' => 
  array (
    'path' => 'C:\\proyectos\\toba/proyectos/toba_usuarios',
    'url' => '/toba_usuarios/2.7',
  ),
  'cit_digesto' => 
  array (
    'path' => 'C:\\proyectos\\toba/proyectos/cit_digesto',
    'url' => '/cit_digesto/1.0',
  ),
  'personal' => 
  array (
    'path' => 'C:\\proyectos\\toba/proyectos/personal',
    'url' => '',
  ),
)
[DEBUG][personal] INSTANCIA "desarrollo"
[DEBUG][personal] Conectando a base 'toba_2_7'
[DEBUG][personal] Parametros de conexion: array (
  'motor' => 'postgres7',
  'profile' => 'localhost',
  'usuario' => 'postgres',
  'clave' => 'postgres',
  'base' => 'toba_2_7',
  'puerto' => '5432',
  'encoding' => 'LATIN1',
  'schema' => 'desarrollo',
)
[DEBUG][personal] PROYECTO "personal"
[DEBUG][personal] PUNTO DE MONTAJE: se cargó exitosamente el autoload del punto de montaje proyecto
[DEBUG][toba] Se cambia el ítem solicitado a =>array (
  0 => 'personal',
  1 => '2',
)
[INFO][toba] Se detecto acceso desde el menu. Se limpia la memoria de la operacion
[DEBUG][personal] PROYECTO "personal"
[DEBUG][personal] (
				SELECT 	amo.padre,
							amo.carpeta,
							amo.proyecto,
							amo.item,
							amo.descripcion as nombre,
							ai.orden as 		orden,
							ai.imagen,
							ai.imagen_recurso_origen,
							amo.padre = '1' as es_primer_nivel
				   FROM 
							apex_usuario_grupo_acc auga
						JOIN apex_menu_operaciones amo ON (auga.menu_usuario = amo.menu_id AND auga.proyecto = amo.proyecto)
						JOIN apex_usuario_grupo_acc_item augai ON (auga.proyecto = augai.proyecto AND auga.usuario_grupo_acc = augai.usuario_grupo_acc AND augai.item = amo.item)
						JOIN apex_item ai ON (augai.item = ai.item AND augai.proyecto = ai.proyecto)	
				  WHERE (ai.menu = 1)
					AND ai.item != ai.padre
					AND	(auga.usuario_grupo_acc IN ('admin') OR ai.publico = 1)
					AND	(amo.proyecto = 'personal')
					AND auga.menu_usuario IS NOT NULL
			UNION
				SELECT 	ai.padre,
						ai.carpeta,
						ai.proyecto,
						ai.item,
						ai.nombre as nombre,
						ai.orden as 		orden,
						ai.imagen,
						ai.imagen_recurso_origen,
						ai.padre = '1' as es_primer_nivel
				FROM 
						apex_usuario_grupo_acc auga
					JOIN apex_usuario_grupo_acc_item augai ON (auga.proyecto = augai.proyecto AND auga.usuario_grupo_acc = augai.usuario_grupo_acc)
					JOIN apex_item ai ON (augai.item = ai.item AND augai.proyecto = ai.proyecto)	
				WHERE auga.menu_usuario is null
					AND (ai.menu = 1)
					AND ai.item != ai.padre
					AND	(auga.usuario_grupo_acc IN ('admin') OR ai.publico = 1)
					AND	(ai.proyecto = 'personal')
			) ORDER BY 1, 6
[DEBUG][toba] [SECCION] Iniciando componentes...
[DEBUG][toba] [SECCION] Configurando dependencias para responder al servicio...
[DEBUG][toba] [SECCION] Respondiendo al servicio__generar_html...

-o-o-o-o-o-
Fecha: 13-07-2020 04:16:28
Operacion: Departamentos
Usuario: toba
Version-PHP: 5.6.3
Servidor: localhost
URI: /personal/1.0/?ai=personal||4354&tcm=previsualizacion&tm=1
Referrer: http://localhost/toba_editor/2.7/aplicacion.php?ah=st5f0bc3d01b1177.94322962&ai=toba_editor%7C%7C1000241
Host: ::1
==========
[INFO][toba] Se detecto acceso desde el menu. Se limpia la memoria de la operacion
[DEBUG][personal] INSTALACION "C:/proyectos/toba/instalacion"
[DEBUG][personal] Parametros instancia desarrollo: array (
  'base' => 'toba_2_7',
  'proyectos' => 'toba_editor, toba_referencia, toba_usuarios, cit_digesto, personal',
  'tipo' => 'normal',
  'toba_editor' => 
  array (
    'path' => 'C:\\proyectos\\toba/proyectos/toba_editor',
    'url' => '/toba_editor/2.7',
  ),
  'toba_referencia' => 
  array (
    'path' => 'C:\\proyectos\\toba/proyectos/toba_referencia',
    'url' => '/toba_referencia/2.7',
  ),
  'toba_usuarios' => 
  array (
    'path' => 'C:\\proyectos\\toba/proyectos/toba_usuarios',
    'url' => '/toba_usuarios/2.7',
  ),
  'cit_digesto' => 
  array (
    'path' => 'C:\\proyectos\\toba/proyectos/cit_digesto',
    'url' => '/cit_digesto/1.0',
  ),
  'personal' => 
  array (
    'path' => 'C:\\proyectos\\toba/proyectos/personal',
    'url' => '',
  ),
)
[DEBUG][personal] INSTANCIA "desarrollo"
[DEBUG][personal] Conectando a base 'toba_2_7'
[DEBUG][personal] Parametros de conexion: array (
  'motor' => 'postgres7',
  'profile' => 'localhost',
  'usuario' => 'postgres',
  'clave' => 'postgres',
  'base' => 'toba_2_7',
  'puerto' => '5432',
  'encoding' => 'LATIN1',
  'schema' => 'desarrollo',
)
[DEBUG][personal] PROYECTO "personal"
[DEBUG][personal] PUNTO DE MONTAJE: se cargó exitosamente el autoload del punto de montaje proyecto
[DEBUG][personal] PROYECTO "personal"
[DEBUG][personal] (
				SELECT 	amo.padre,
							amo.carpeta,
							amo.proyecto,
							amo.item,
							amo.descripcion as nombre,
							ai.orden as 		orden,
							ai.imagen,
							ai.imagen_recurso_origen,
							amo.padre = '1' as es_primer_nivel
				   FROM 
							apex_usuario_grupo_acc auga
						JOIN apex_menu_operaciones amo ON (auga.menu_usuario = amo.menu_id AND auga.proyecto = amo.proyecto)
						JOIN apex_usuario_grupo_acc_item augai ON (auga.proyecto = augai.proyecto AND auga.usuario_grupo_acc = augai.usuario_grupo_acc AND augai.item = amo.item)
						JOIN apex_item ai ON (augai.item = ai.item AND augai.proyecto = ai.proyecto)	
				  WHERE (ai.menu = 1)
					AND ai.item != ai.padre
					AND	(auga.usuario_grupo_acc IN ('admin') OR ai.publico = 1)
					AND	(amo.proyecto = 'personal')
					AND auga.menu_usuario IS NOT NULL
			UNION
				SELECT 	ai.padre,
						ai.carpeta,
						ai.proyecto,
						ai.item,
						ai.nombre as nombre,
						ai.orden as 		orden,
						ai.imagen,
						ai.imagen_recurso_origen,
						ai.padre = '1' as es_primer_nivel
				FROM 
						apex_usuario_grupo_acc auga
					JOIN apex_usuario_grupo_acc_item augai ON (auga.proyecto = augai.proyecto AND auga.usuario_grupo_acc = augai.usuario_grupo_acc)
					JOIN apex_item ai ON (augai.item = ai.item AND augai.proyecto = ai.proyecto)	
				WHERE auga.menu_usuario is null
					AND (ai.menu = 1)
					AND ai.item != ai.padre
					AND	(auga.usuario_grupo_acc IN ('admin') OR ai.publico = 1)
					AND	(ai.proyecto = 'personal')
			) ORDER BY 1, 6
[DEBUG][toba] [SECCION] Iniciando componentes...
[DEBUG][toba] componente(4471): [callback][ ini__operacion ]
[DEBUG][toba] [SECCION] Procesando eventos...
[INFO][toba] componente(4471): No hay señales de un servicio anterior, no se atrapan eventos
[DEBUG][toba] [SECCION] Configurando dependencias para responder al servicio...
[DEBUG][toba] componente(4471): Pantalla de servicio: 'pant_inicial'
[INFO][toba] componente(4471): [ callback ] 'conf__pant_inicial' no fue atrapado
[INFO][toba] componente(4471): [ callback ] 'conf__cuadro' no fue atrapado
[DEBUG][toba] [SECCION] Respondiendo al servicio__generar_html...

-o-o-o-o-o-
Fecha: 13-07-2020 04:18:22
Operacion: Departamentos
Usuario: toba
Version-PHP: 5.6.3
Servidor: localhost
URI: /personal/1.0/?ai=personal||4354&tcm=previsualizacion&tm=1
Referrer: http://localhost/toba_editor/2.7/aplicacion.php?ah=st5f0bc3d01b1177.94322962&ai=toba_editor%7C%7C1000241
Host: ::1
==========
[INFO][toba] Se detecto acceso desde el menu. Se limpia la memoria de la operacion
[DEBUG][personal] INSTALACION "C:/proyectos/toba/instalacion"
[DEBUG][personal] Parametros instancia desarrollo: array (
  'base' => 'toba_2_7',
  'proyectos' => 'toba_editor, toba_referencia, toba_usuarios, cit_digesto, personal',
  'tipo' => 'normal',
  'toba_editor' => 
  array (
    'path' => 'C:\\proyectos\\toba/proyectos/toba_editor',
    'url' => '/toba_editor/2.7',
  ),
  'toba_referencia' => 
  array (
    'path' => 'C:\\proyectos\\toba/proyectos/toba_referencia',
    'url' => '/toba_referencia/2.7',
  ),
  'toba_usuarios' => 
  array (
    'path' => 'C:\\proyectos\\toba/proyectos/toba_usuarios',
    'url' => '/toba_usuarios/2.7',
  ),
  'cit_digesto' => 
  array (
    'path' => 'C:\\proyectos\\toba/proyectos/cit_digesto',
    'url' => '/cit_digesto/1.0',
  ),
  'personal' => 
  array (
    'path' => 'C:\\proyectos\\toba/proyectos/personal',
    'url' => '',
  ),
)
[DEBUG][personal] INSTANCIA "desarrollo"
[DEBUG][personal] Conectando a base 'toba_2_7'
[DEBUG][personal] Parametros de conexion: array (
  'motor' => 'postgres7',
  'profile' => 'localhost',
  'usuario' => 'postgres',
  'clave' => 'postgres',
  'base' => 'toba_2_7',
  'puerto' => '5432',
  'encoding' => 'LATIN1',
  'schema' => 'desarrollo',
)
[DEBUG][personal] PROYECTO "personal"
[DEBUG][personal] PUNTO DE MONTAJE: se cargó exitosamente el autoload del punto de montaje proyecto
[DEBUG][personal] PROYECTO "personal"
[DEBUG][personal] (
				SELECT 	amo.padre,
							amo.carpeta,
							amo.proyecto,
							amo.item,
							amo.descripcion as nombre,
							ai.orden as 		orden,
							ai.imagen,
							ai.imagen_recurso_origen,
							amo.padre = '1' as es_primer_nivel
				   FROM 
							apex_usuario_grupo_acc auga
						JOIN apex_menu_operaciones amo ON (auga.menu_usuario = amo.menu_id AND auga.proyecto = amo.proyecto)
						JOIN apex_usuario_grupo_acc_item augai ON (auga.proyecto = augai.proyecto AND auga.usuario_grupo_acc = augai.usuario_grupo_acc AND augai.item = amo.item)
						JOIN apex_item ai ON (augai.item = ai.item AND augai.proyecto = ai.proyecto)	
				  WHERE (ai.menu = 1)
					AND ai.item != ai.padre
					AND	(auga.usuario_grupo_acc IN ('admin') OR ai.publico = 1)
					AND	(amo.proyecto = 'personal')
					AND auga.menu_usuario IS NOT NULL
			UNION
				SELECT 	ai.padre,
						ai.carpeta,
						ai.proyecto,
						ai.item,
						ai.nombre as nombre,
						ai.orden as 		orden,
						ai.imagen,
						ai.imagen_recurso_origen,
						ai.padre = '1' as es_primer_nivel
				FROM 
						apex_usuario_grupo_acc auga
					JOIN apex_usuario_grupo_acc_item augai ON (auga.proyecto = augai.proyecto AND auga.usuario_grupo_acc = augai.usuario_grupo_acc)
					JOIN apex_item ai ON (augai.item = ai.item AND augai.proyecto = ai.proyecto)	
				WHERE auga.menu_usuario is null
					AND (ai.menu = 1)
					AND ai.item != ai.padre
					AND	(auga.usuario_grupo_acc IN ('admin') OR ai.publico = 1)
					AND	(ai.proyecto = 'personal')
			) ORDER BY 1, 6
[DEBUG][toba] [SECCION] Iniciando componentes...
[DEBUG][toba] componente(4471): [callback][ ini__operacion ]
[DEBUG][toba] [SECCION] Procesando eventos...
[INFO][toba] componente(4471): No hay señales de un servicio anterior, no se atrapan eventos
[DEBUG][toba] [SECCION] Configurando dependencias para responder al servicio...
[DEBUG][toba] componente(4471): Pantalla de servicio: 'pant_inicial'
[INFO][toba] componente(4471): [ callback ] 'conf__pant_inicial' no fue atrapado
[INFO][toba] componente(4471): [ callback ] 'conf__cuadro' no fue atrapado
[DEBUG][toba] [SECCION] Respondiendo al servicio__generar_html...

-o-o-o-o-o-
Fecha: 13-07-2020 04:19:14
Operacion: Departamentos
Usuario: toba
Version-PHP: 5.6.3
Servidor: localhost
URI: /personal/1.0/?ai=personal||4354&tcm=previsualizacion&tm=1
Referrer: http://localhost/toba_editor/2.7/aplicacion.php?ah=st5f0bc3d01b1177.94322962&ai=toba_editor%7C%7C1000241
Host: ::1
==========
[INFO][toba] Se detecto acceso desde el menu. Se limpia la memoria de la operacion
[DEBUG][personal] INSTALACION "C:/proyectos/toba/instalacion"
[DEBUG][personal] Parametros instancia desarrollo: array (
  'base' => 'toba_2_7',
  'proyectos' => 'toba_editor, toba_referencia, toba_usuarios, cit_digesto, personal',
  'tipo' => 'normal',
  'toba_editor' => 
  array (
    'path' => 'C:\\proyectos\\toba/proyectos/toba_editor',
    'url' => '/toba_editor/2.7',
  ),
  'toba_referencia' => 
  array (
    'path' => 'C:\\proyectos\\toba/proyectos/toba_referencia',
    'url' => '/toba_referencia/2.7',
  ),
  'toba_usuarios' => 
  array (
    'path' => 'C:\\proyectos\\toba/proyectos/toba_usuarios',
    'url' => '/toba_usuarios/2.7',
  ),
  'cit_digesto' => 
  array (
    'path' => 'C:\\proyectos\\toba/proyectos/cit_digesto',
    'url' => '/cit_digesto/1.0',
  ),
  'personal' => 
  array (
    'path' => 'C:\\proyectos\\toba/proyectos/personal',
    'url' => '',
  ),
)
[DEBUG][personal] INSTANCIA "desarrollo"
[DEBUG][personal] Conectando a base 'toba_2_7'
[DEBUG][personal] Parametros de conexion: array (
  'motor' => 'postgres7',
  'profile' => 'localhost',
  'usuario' => 'postgres',
  'clave' => 'postgres',
  'base' => 'toba_2_7',
  'puerto' => '5432',
  'encoding' => 'LATIN1',
  'schema' => 'desarrollo',
)
[DEBUG][personal] PROYECTO "personal"
[DEBUG][personal] PUNTO DE MONTAJE: se cargó exitosamente el autoload del punto de montaje proyecto
[DEBUG][personal] PROYECTO "personal"
[DEBUG][personal] (
				SELECT 	amo.padre,
							amo.carpeta,
							amo.proyecto,
							amo.item,
							amo.descripcion as nombre,
							ai.orden as 		orden,
							ai.imagen,
							ai.imagen_recurso_origen,
							amo.padre = '1' as es_primer_nivel
				   FROM 
							apex_usuario_grupo_acc auga
						JOIN apex_menu_operaciones amo ON (auga.menu_usuario = amo.menu_id AND auga.proyecto = amo.proyecto)
						JOIN apex_usuario_grupo_acc_item augai ON (auga.proyecto = augai.proyecto AND auga.usuario_grupo_acc = augai.usuario_grupo_acc AND augai.item = amo.item)
						JOIN apex_item ai ON (augai.item = ai.item AND augai.proyecto = ai.proyecto)	
				  WHERE (ai.menu = 1)
					AND ai.item != ai.padre
					AND	(auga.usuario_grupo_acc IN ('admin') OR ai.publico = 1)
					AND	(amo.proyecto = 'personal')
					AND auga.menu_usuario IS NOT NULL
			UNION
				SELECT 	ai.padre,
						ai.carpeta,
						ai.proyecto,
						ai.item,
						ai.nombre as nombre,
						ai.orden as 		orden,
						ai.imagen,
						ai.imagen_recurso_origen,
						ai.padre = '1' as es_primer_nivel
				FROM 
						apex_usuario_grupo_acc auga
					JOIN apex_usuario_grupo_acc_item augai ON (auga.proyecto = augai.proyecto AND auga.usuario_grupo_acc = augai.usuario_grupo_acc)
					JOIN apex_item ai ON (augai.item = ai.item AND augai.proyecto = ai.proyecto)	
				WHERE auga.menu_usuario is null
					AND (ai.menu = 1)
					AND ai.item != ai.padre
					AND	(auga.usuario_grupo_acc IN ('admin') OR ai.publico = 1)
					AND	(ai.proyecto = 'personal')
			) ORDER BY 1, 6
[DEBUG][toba] [SECCION] Iniciando componentes...
[DEBUG][toba] componente(4471): [callback][ ini__operacion ]
[DEBUG][toba] [SECCION] Procesando eventos...
[INFO][toba] componente(4471): No hay señales de un servicio anterior, no se atrapan eventos
[DEBUG][toba] [SECCION] Configurando dependencias para responder al servicio...
[DEBUG][toba] componente(4471): Pantalla de servicio: 'pant_inicial'
[INFO][toba] componente(4471): [ callback ] 'conf__pant_inicial' no fue atrapado
[INFO][toba] componente(4471): [ callback ] 'conf__cuadro' no fue atrapado
[DEBUG][toba] [SECCION] Respondiendo al servicio__generar_html...

-o-o-o-o-o-
Fecha: 13-07-2020 04:22:13
Operacion: Departamento
Usuario: toba
Version-PHP: 5.6.3
Servidor: localhost
URI: /personal/1.0/?ai=personal||4355&tcm=previsualizacion&tm=1
Referrer: http://localhost/toba_editor/2.7/aplicacion.php?ah=st5f0bc3d01b1177.94322962&ai=toba_editor%7C%7C1000241
Host: ::1
==========
[INFO][toba] Se detecto acceso desde el menu. Se limpia la memoria de la operacion
[DEBUG][personal] INSTALACION "C:/proyectos/toba/instalacion"
[DEBUG][personal] Parametros instancia desarrollo: array (
  'base' => 'toba_2_7',
  'proyectos' => 'toba_editor, toba_referencia, toba_usuarios, cit_digesto, personal',
  'tipo' => 'normal',
  'toba_editor' => 
  array (
    'path' => 'C:\\proyectos\\toba/proyectos/toba_editor',
    'url' => '/toba_editor/2.7',
  ),
  'toba_referencia' => 
  array (
    'path' => 'C:\\proyectos\\toba/proyectos/toba_referencia',
    'url' => '/toba_referencia/2.7',
  ),
  'toba_usuarios' => 
  array (
    'path' => 'C:\\proyectos\\toba/proyectos/toba_usuarios',
    'url' => '/toba_usuarios/2.7',
  ),
  'cit_digesto' => 
  array (
    'path' => 'C:\\proyectos\\toba/proyectos/cit_digesto',
    'url' => '/cit_digesto/1.0',
  ),
  'personal' => 
  array (
    'path' => 'C:\\proyectos\\toba/proyectos/personal',
    'url' => '',
  ),
)
[DEBUG][personal] INSTANCIA "desarrollo"
[DEBUG][personal] Conectando a base 'toba_2_7'
[DEBUG][personal] Parametros de conexion: array (
  'motor' => 'postgres7',
  'profile' => 'localhost',
  'usuario' => 'postgres',
  'clave' => 'postgres',
  'base' => 'toba_2_7',
  'puerto' => '5432',
  'encoding' => 'LATIN1',
  'schema' => 'desarrollo',
)
[DEBUG][personal] PROYECTO "personal"
[DEBUG][personal] PUNTO DE MONTAJE: se cargó exitosamente el autoload del punto de montaje proyecto
[DEBUG][personal] PROYECTO "personal"
[DEBUG][personal] (
				SELECT 	amo.padre,
							amo.carpeta,
							amo.proyecto,
							amo.item,
							amo.descripcion as nombre,
							ai.orden as 		orden,
							ai.imagen,
							ai.imagen_recurso_origen,
							amo.padre = '1' as es_primer_nivel
				   FROM 
							apex_usuario_grupo_acc auga
						JOIN apex_menu_operaciones amo ON (auga.menu_usuario = amo.menu_id AND auga.proyecto = amo.proyecto)
						JOIN apex_usuario_grupo_acc_item augai ON (auga.proyecto = augai.proyecto AND auga.usuario_grupo_acc = augai.usuario_grupo_acc AND augai.item = amo.item)
						JOIN apex_item ai ON (augai.item = ai.item AND augai.proyecto = ai.proyecto)	
				  WHERE (ai.menu = 1)
					AND ai.item != ai.padre
					AND	(auga.usuario_grupo_acc IN ('admin') OR ai.publico = 1)
					AND	(amo.proyecto = 'personal')
					AND auga.menu_usuario IS NOT NULL
			UNION
				SELECT 	ai.padre,
						ai.carpeta,
						ai.proyecto,
						ai.item,
						ai.nombre as nombre,
						ai.orden as 		orden,
						ai.imagen,
						ai.imagen_recurso_origen,
						ai.padre = '1' as es_primer_nivel
				FROM 
						apex_usuario_grupo_acc auga
					JOIN apex_usuario_grupo_acc_item augai ON (auga.proyecto = augai.proyecto AND auga.usuario_grupo_acc = augai.usuario_grupo_acc)
					JOIN apex_item ai ON (augai.item = ai.item AND augai.proyecto = ai.proyecto)	
				WHERE auga.menu_usuario is null
					AND (ai.menu = 1)
					AND ai.item != ai.padre
					AND	(auga.usuario_grupo_acc IN ('admin') OR ai.publico = 1)
					AND	(ai.proyecto = 'personal')
			) ORDER BY 1, 6
[DEBUG][toba] [SECCION] Iniciando componentes...
[INFO][personal] PUNTO MONTAJE: se cargó la clase departamento/ci_departamento.php del punto de montaje proyecto. El path del mismo es C:\proyectos\toba/proyectos/personal/php
[DEBUG][toba] componente(4476): [callback][ ini__operacion ]
[DEBUG][toba] [SECCION] Procesando eventos...
[INFO][toba] componente(4476): No hay señales de un servicio anterior, no se atrapan eventos
[DEBUG][toba] [SECCION] Configurando dependencias para responder al servicio...
[DEBUG][toba] componente(4476): Pantalla de servicio: 'pant_seleccion'
[INFO][toba] componente(4476): [ callback ] 'conf__pant_seleccion' no fue atrapado
[DEBUG][toba] componente(4476): [ callback ] 'conf__cuadro'
[INFO][personal] PUNTO MONTAJE: se cargó la clase datos/dt_departamentos.php del punto de montaje proyecto. El path del mismo es C:\proyectos\toba/proyectos/personal/php
[DEBUG][toba] [SECCION] Respondiendo al servicio__generar_html...

-o-o-o-o-o-
Fecha: 13-07-2020 04:27:07
Operacion: Departamento
Usuario: toba
Version-PHP: 5.6.3
Servidor: localhost
URI: /personal/1.0/aplicacion.php?ah=st5f0bc554b79202.26596699&ai=personal%7C%7C4355&tcm=previsualizacion
Referrer: http://localhost/personal/1.0/?ai=personal||4355&tcm=previsualizacion&tm=1
Host: ::1
==========
[DEBUG][personal] INSTALACION "C:/proyectos/toba/instalacion"
[DEBUG][personal] Parametros instancia desarrollo: array (
  'base' => 'toba_2_7',
  'proyectos' => 'toba_editor, toba_referencia, toba_usuarios, cit_digesto, personal',
  'tipo' => 'normal',
  'toba_editor' => 
  array (
    'path' => 'C:\\proyectos\\toba/proyectos/toba_editor',
    'url' => '/toba_editor/2.7',
  ),
  'toba_referencia' => 
  array (
    'path' => 'C:\\proyectos\\toba/proyectos/toba_referencia',
    'url' => '/toba_referencia/2.7',
  ),
  'toba_usuarios' => 
  array (
    'path' => 'C:\\proyectos\\toba/proyectos/toba_usuarios',
    'url' => '/toba_usuarios/2.7',
  ),
  'cit_digesto' => 
  array (
    'path' => 'C:\\proyectos\\toba/proyectos/cit_digesto',
    'url' => '/cit_digesto/1.0',
  ),
  'personal' => 
  array (
    'path' => 'C:\\proyectos\\toba/proyectos/personal',
    'url' => '',
  ),
)
[DEBUG][personal] INSTANCIA "desarrollo"
[DEBUG][personal] Conectando a base 'toba_2_7'
[DEBUG][personal] Parametros de conexion: array (
  'motor' => 'postgres7',
  'profile' => 'localhost',
  'usuario' => 'postgres',
  'clave' => 'postgres',
  'base' => 'toba_2_7',
  'puerto' => '5432',
  'encoding' => 'LATIN1',
  'schema' => 'desarrollo',
)
[DEBUG][personal] PROYECTO "personal"
[DEBUG][personal] PUNTO DE MONTAJE: se cargó exitosamente el autoload del punto de montaje proyecto
[DEBUG][personal] PROYECTO "personal"
[DEBUG][personal] (
				SELECT 	amo.padre,
							amo.carpeta,
							amo.proyecto,
							amo.item,
							amo.descripcion as nombre,
							ai.orden as 		orden,
							ai.imagen,
							ai.imagen_recurso_origen,
							amo.padre = '1' as es_primer_nivel
				   FROM 
							apex_usuario_grupo_acc auga
						JOIN apex_menu_operaciones amo ON (auga.menu_usuario = amo.menu_id AND auga.proyecto = amo.proyecto)
						JOIN apex_usuario_grupo_acc_item augai ON (auga.proyecto = augai.proyecto AND auga.usuario_grupo_acc = augai.usuario_grupo_acc AND augai.item = amo.item)
						JOIN apex_item ai ON (augai.item = ai.item AND augai.proyecto = ai.proyecto)	
				  WHERE (ai.menu = 1)
					AND ai.item != ai.padre
					AND	(auga.usuario_grupo_acc IN ('admin') OR ai.publico = 1)
					AND	(amo.proyecto = 'personal')
					AND auga.menu_usuario IS NOT NULL
			UNION
				SELECT 	ai.padre,
						ai.carpeta,
						ai.proyecto,
						ai.item,
						ai.nombre as nombre,
						ai.orden as 		orden,
						ai.imagen,
						ai.imagen_recurso_origen,
						ai.padre = '1' as es_primer_nivel
				FROM 
						apex_usuario_grupo_acc auga
					JOIN apex_usuario_grupo_acc_item augai ON (auga.proyecto = augai.proyecto AND auga.usuario_grupo_acc = augai.usuario_grupo_acc)
					JOIN apex_item ai ON (augai.item = ai.item AND augai.proyecto = ai.proyecto)	
				WHERE auga.menu_usuario is null
					AND (ai.menu = 1)
					AND ai.item != ai.padre
					AND	(auga.usuario_grupo_acc IN ('admin') OR ai.publico = 1)
					AND	(ai.proyecto = 'personal')
			) ORDER BY 1, 6
[DEBUG][toba] [SECCION] Iniciando componentes...
[INFO][personal] PUNTO MONTAJE: se cargó la clase departamento/ci_departamento.php del punto de montaje proyecto. El path del mismo es C:\proyectos\toba/proyectos/personal/php
[DEBUG][toba] componente(4476): Pantalla de eventos: 'pant_seleccion'
[DEBUG][toba] [SECCION] Procesando eventos...
[DEBUG][toba] componente(4476): [ inicializar_dependencias ]
array (
  0 => 'cuadro',
)
[DEBUG][toba] componente(4476): [ evento ] 'agregar' -> [ evt__agregar ]
[INFO][toba] componente(4476): [ callback ] 'evt__pant_seleccion__salida' no fue atrapado
[INFO][toba] componente(4476): [ callback ] 'evt__pant_edicion__entrada' no fue atrapado
[DEBUG][toba] [SECCION] Configurando dependencias para responder al servicio...
[DEBUG][toba] componente(4476): Pantalla de servicio: 'pant_edicion'
[INFO][toba] componente(4476): [ callback ] 'conf__pant_edicion' no fue atrapado
[DEBUG][toba] componente(4475):  IMPLICITO: modificacion
[DEBUG][toba] componente(4476): [ callback ] 'conf__formulario'
[INFO][personal] PUNTO MONTAJE: se cargó la clase datos/dt_departamentos.php del punto de montaje proyecto. El path del mismo es C:\proyectos\toba/proyectos/personal/php
[DEBUG][toba] Se elimino el evento: eliminar
[DEBUG][toba] [SECCION] Respondiendo al servicio__generar_html...

-o-o-o-o-o-
Fecha: 13-07-2020 04:34:49
Operacion: Inicio
Usuario: toba
Version-PHP: 5.6.3
Servidor: localhost
URI: /personal/1.0/?ai=personal&tcm=previsualizacion&tm=1
Referrer: http://localhost/toba_editor/2.7/aplicacion.php?ah=st5f0bc76734dfd6.64410932&ai=toba_editor%7C%7C1000241
Host: ::1
==========
[INFO][toba] Se detecto acceso desde el menu. Se limpia la memoria de la operacion
[DEBUG][personal] INSTALACION "C:/proyectos/toba/instalacion"
[DEBUG][personal] Parametros instancia desarrollo: array (
  'base' => 'toba_2_7',
  'proyectos' => 'toba_editor, toba_referencia, toba_usuarios, cit_digesto, personal',
  'tipo' => 'normal',
  'toba_editor' => 
  array (
    'path' => 'C:\\proyectos\\toba/proyectos/toba_editor',
    'url' => '/toba_editor/2.7',
  ),
  'toba_referencia' => 
  array (
    'path' => 'C:\\proyectos\\toba/proyectos/toba_referencia',
    'url' => '/toba_referencia/2.7',
  ),
  'toba_usuarios' => 
  array (
    'path' => 'C:\\proyectos\\toba/proyectos/toba_usuarios',
    'url' => '/toba_usuarios/2.7',
  ),
  'cit_digesto' => 
  array (
    'path' => 'C:\\proyectos\\toba/proyectos/cit_digesto',
    'url' => '/cit_digesto/1.0',
  ),
  'personal' => 
  array (
    'path' => 'C:\\proyectos\\toba/proyectos/personal',
    'url' => '',
  ),
)
[DEBUG][personal] INSTANCIA "desarrollo"
[DEBUG][personal] Conectando a base 'toba_2_7'
[DEBUG][personal] Parametros de conexion: array (
  'motor' => 'postgres7',
  'profile' => 'localhost',
  'usuario' => 'postgres',
  'clave' => 'postgres',
  'base' => 'toba_2_7',
  'puerto' => '5432',
  'encoding' => 'LATIN1',
  'schema' => 'desarrollo',
)
[DEBUG][personal] PROYECTO "personal"
[DEBUG][personal] PUNTO DE MONTAJE: se cargó exitosamente el autoload del punto de montaje proyecto
[DEBUG][toba] Se cambia el ítem solicitado a =>array (
  0 => 'personal',
  1 => '2',
)
[INFO][toba] Se detecto acceso desde el menu. Se limpia la memoria de la operacion
[DEBUG][personal] PROYECTO "personal"
[DEBUG][personal] (
				SELECT 	amo.padre,
							amo.carpeta,
							amo.proyecto,
							amo.item,
							amo.descripcion as nombre,
							ai.orden as 		orden,
							ai.imagen,
							ai.imagen_recurso_origen,
							amo.padre = '1' as es_primer_nivel
				   FROM 
							apex_usuario_grupo_acc auga
						JOIN apex_menu_operaciones amo ON (auga.menu_usuario = amo.menu_id AND auga.proyecto = amo.proyecto)
						JOIN apex_usuario_grupo_acc_item augai ON (auga.proyecto = augai.proyecto AND auga.usuario_grupo_acc = augai.usuario_grupo_acc AND augai.item = amo.item)
						JOIN apex_item ai ON (augai.item = ai.item AND augai.proyecto = ai.proyecto)	
				  WHERE (ai.menu = 1)
					AND ai.item != ai.padre
					AND	(auga.usuario_grupo_acc IN ('admin') OR ai.publico = 1)
					AND	(amo.proyecto = 'personal')
					AND auga.menu_usuario IS NOT NULL
			UNION
				SELECT 	ai.padre,
						ai.carpeta,
						ai.proyecto,
						ai.item,
						ai.nombre as nombre,
						ai.orden as 		orden,
						ai.imagen,
						ai.imagen_recurso_origen,
						ai.padre = '1' as es_primer_nivel
				FROM 
						apex_usuario_grupo_acc auga
					JOIN apex_usuario_grupo_acc_item augai ON (auga.proyecto = augai.proyecto AND auga.usuario_grupo_acc = augai.usuario_grupo_acc)
					JOIN apex_item ai ON (augai.item = ai.item AND augai.proyecto = ai.proyecto)	
				WHERE auga.menu_usuario is null
					AND (ai.menu = 1)
					AND ai.item != ai.padre
					AND	(auga.usuario_grupo_acc IN ('admin') OR ai.publico = 1)
					AND	(ai.proyecto = 'personal')
			) ORDER BY 1, 6
[DEBUG][toba] [SECCION] Iniciando componentes...
[DEBUG][toba] [SECCION] Configurando dependencias para responder al servicio...
[DEBUG][toba] [SECCION] Respondiendo al servicio__generar_html...

-o-o-o-o-o-
Fecha: 13-07-2020 04:47:56
Operacion: Inicio
Usuario: toba
Version-PHP: 5.6.3
Servidor: localhost
URI: /personal/1.0/?ai=personal&tcm=previsualizacion&tm=1
Referrer: http://localhost/toba_editor/2.7/aplicacion.php?ah=st5f0bcb07732289.15497581&ai=toba_editor%7C%7C1000241
Host: ::1
==========
[INFO][toba] Se detecto acceso desde el menu. Se limpia la memoria de la operacion
[DEBUG][toba] Cargando USUARIO 'toba' en el proyecto 'personal'
[DEBUG][toba] Crear SESION '16' en el proyecto 'personal'
[DEBUG][toba] Se creo la SESION [usuario: toba ]
[DEBUG][personal] INSTALACION "C:/proyectos/toba/instalacion"
[DEBUG][personal] Parametros instancia desarrollo: array (
  'base' => 'toba_2_7',
  'proyectos' => 'toba_editor, toba_referencia, toba_usuarios, cit_digesto, personal',
  'tipo' => 'normal',
  'toba_editor' => 
  array (
    'path' => 'C:\\proyectos\\toba/proyectos/toba_editor',
    'url' => '/toba_editor/2.7',
  ),
  'toba_referencia' => 
  array (
    'path' => 'C:\\proyectos\\toba/proyectos/toba_referencia',
    'url' => '/toba_referencia/2.7',
  ),
  'toba_usuarios' => 
  array (
    'path' => 'C:\\proyectos\\toba/proyectos/toba_usuarios',
    'url' => '/toba_usuarios/2.7',
  ),
  'cit_digesto' => 
  array (
    'path' => 'C:\\proyectos\\toba/proyectos/cit_digesto',
    'url' => '/cit_digesto/1.0',
  ),
  'personal' => 
  array (
    'path' => 'C:\\proyectos\\toba/proyectos/personal',
    'url' => '',
  ),
)
[DEBUG][personal] INSTANCIA "desarrollo"
[DEBUG][personal] Conectando a base 'toba_2_7'
[DEBUG][personal] Parametros de conexion: array (
  'motor' => 'postgres7',
  'profile' => 'localhost',
  'usuario' => 'postgres',
  'clave' => 'postgres',
  'base' => 'toba_2_7',
  'puerto' => '5432',
  'encoding' => 'LATIN1',
  'schema' => 'desarrollo',
)
[DEBUG][personal] PROYECTO "personal"
[DEBUG][personal] PUNTO DE MONTAJE: se cargó exitosamente el autoload del punto de montaje proyecto
[DEBUG][toba] Se cambia el ítem solicitado a =>array (
  0 => 'personal',
  1 => '2',
)
[INFO][toba] Se detecto acceso desde el menu. Se limpia la memoria de la operacion
[DEBUG][personal] PROYECTO "personal"
[DEBUG][personal] (
				SELECT 	amo.padre,
							amo.carpeta,
							amo.proyecto,
							amo.item,
							amo.descripcion as nombre,
							ai.orden as 		orden,
							ai.imagen,
							ai.imagen_recurso_origen,
							amo.padre = '1' as es_primer_nivel
				   FROM 
							apex_usuario_grupo_acc auga
						JOIN apex_menu_operaciones amo ON (auga.menu_usuario = amo.menu_id AND auga.proyecto = amo.proyecto)
						JOIN apex_usuario_grupo_acc_item augai ON (auga.proyecto = augai.proyecto AND auga.usuario_grupo_acc = augai.usuario_grupo_acc AND augai.item = amo.item)
						JOIN apex_item ai ON (augai.item = ai.item AND augai.proyecto = ai.proyecto)	
				  WHERE (ai.menu = 1)
					AND ai.item != ai.padre
					AND	(auga.usuario_grupo_acc IN ('admin') OR ai.publico = 1)
					AND	(amo.proyecto = 'personal')
					AND auga.menu_usuario IS NOT NULL
			UNION
				SELECT 	ai.padre,
						ai.carpeta,
						ai.proyecto,
						ai.item,
						ai.nombre as nombre,
						ai.orden as 		orden,
						ai.imagen,
						ai.imagen_recurso_origen,
						ai.padre = '1' as es_primer_nivel
				FROM 
						apex_usuario_grupo_acc auga
					JOIN apex_usuario_grupo_acc_item augai ON (auga.proyecto = augai.proyecto AND auga.usuario_grupo_acc = augai.usuario_grupo_acc)
					JOIN apex_item ai ON (augai.item = ai.item AND augai.proyecto = ai.proyecto)	
				WHERE auga.menu_usuario is null
					AND (ai.menu = 1)
					AND ai.item != ai.padre
					AND	(auga.usuario_grupo_acc IN ('admin') OR ai.publico = 1)
					AND	(ai.proyecto = 'personal')
			) ORDER BY 1, 6
[DEBUG][toba] [SECCION] Iniciando componentes...
[DEBUG][toba] [SECCION] Configurando dependencias para responder al servicio...
[DEBUG][toba] [SECCION] Respondiendo al servicio__generar_html...

-o-o-o-o-o-
Fecha: 13-07-2020 04:54:40
Operacion: Inicio
Usuario: toba
Version-PHP: 5.6.3
Servidor: localhost
URI: /personal/1.0/?ai=personal&tcm=previsualizacion&tm=1
Referrer: http://localhost/toba_editor/2.7/aplicacion.php?ah=st5f0bcb07732289.15497581&ai=toba_editor%7C%7C1000241
Host: ::1
==========
[INFO][toba] Se detecto acceso desde el menu. Se limpia la memoria de la operacion
[DEBUG][personal] INSTALACION "C:/proyectos/toba/instalacion"
[DEBUG][personal] Parametros instancia desarrollo: array (
  'base' => 'toba_2_7',
  'proyectos' => 'toba_editor, toba_referencia, toba_usuarios, cit_digesto, personal',
  'tipo' => 'normal',
  'toba_editor' => 
  array (
    'path' => 'C:\\proyectos\\toba/proyectos/toba_editor',
    'url' => '/toba_editor/2.7',
  ),
  'toba_referencia' => 
  array (
    'path' => 'C:\\proyectos\\toba/proyectos/toba_referencia',
    'url' => '/toba_referencia/2.7',
  ),
  'toba_usuarios' => 
  array (
    'path' => 'C:\\proyectos\\toba/proyectos/toba_usuarios',
    'url' => '/toba_usuarios/2.7',
  ),
  'cit_digesto' => 
  array (
    'path' => 'C:\\proyectos\\toba/proyectos/cit_digesto',
    'url' => '/cit_digesto/1.0',
  ),
  'personal' => 
  array (
    'path' => 'C:\\proyectos\\toba/proyectos/personal',
    'url' => '',
  ),
)
[DEBUG][personal] INSTANCIA "desarrollo"
[DEBUG][personal] Conectando a base 'toba_2_7'
[DEBUG][personal] Parametros de conexion: array (
  'motor' => 'postgres7',
  'profile' => 'localhost',
  'usuario' => 'postgres',
  'clave' => 'postgres',
  'base' => 'toba_2_7',
  'puerto' => '5432',
  'encoding' => 'LATIN1',
  'schema' => 'desarrollo',
)
[DEBUG][personal] PROYECTO "personal"
[DEBUG][personal] PUNTO DE MONTAJE: se cargó exitosamente el autoload del punto de montaje proyecto
[DEBUG][toba] Se cambia el ítem solicitado a =>array (
  0 => 'personal',
  1 => '2',
)
[INFO][toba] Se detecto acceso desde el menu. Se limpia la memoria de la operacion
[DEBUG][personal] PROYECTO "personal"
[DEBUG][personal] (
				SELECT 	amo.padre,
							amo.carpeta,
							amo.proyecto,
							amo.item,
							amo.descripcion as nombre,
							ai.orden as 		orden,
							ai.imagen,
							ai.imagen_recurso_origen,
							amo.padre = '1' as es_primer_nivel
				   FROM 
							apex_usuario_grupo_acc auga
						JOIN apex_menu_operaciones amo ON (auga.menu_usuario = amo.menu_id AND auga.proyecto = amo.proyecto)
						JOIN apex_usuario_grupo_acc_item augai ON (auga.proyecto = augai.proyecto AND auga.usuario_grupo_acc = augai.usuario_grupo_acc AND augai.item = amo.item)
						JOIN apex_item ai ON (augai.item = ai.item AND augai.proyecto = ai.proyecto)	
				  WHERE (ai.menu = 1)
					AND ai.item != ai.padre
					AND	(auga.usuario_grupo_acc IN ('admin') OR ai.publico = 1)
					AND	(amo.proyecto = 'personal')
					AND auga.menu_usuario IS NOT NULL
			UNION
				SELECT 	ai.padre,
						ai.carpeta,
						ai.proyecto,
						ai.item,
						ai.nombre as nombre,
						ai.orden as 		orden,
						ai.imagen,
						ai.imagen_recurso_origen,
						ai.padre = '1' as es_primer_nivel
				FROM 
						apex_usuario_grupo_acc auga
					JOIN apex_usuario_grupo_acc_item augai ON (auga.proyecto = augai.proyecto AND auga.usuario_grupo_acc = augai.usuario_grupo_acc)
					JOIN apex_item ai ON (augai.item = ai.item AND augai.proyecto = ai.proyecto)	
				WHERE auga.menu_usuario is null
					AND (ai.menu = 1)
					AND ai.item != ai.padre
					AND	(auga.usuario_grupo_acc IN ('admin') OR ai.publico = 1)
					AND	(ai.proyecto = 'personal')
			) ORDER BY 1, 6
[DEBUG][toba] [SECCION] Iniciando componentes...
[DEBUG][toba] [SECCION] Configurando dependencias para responder al servicio...
[DEBUG][toba] [SECCION] Respondiendo al servicio__generar_html...

-o-o-o-o-o-
Fecha: 13-07-2020 04:56:42
Operacion: Inicio
Usuario: toba
Version-PHP: 5.6.3
Servidor: localhost
URI: /personal/1.0/?ai=personal&tcm=previsualizacion&tm=1
Referrer: http://localhost/toba_editor/2.7/aplicacion.php?ah=st5f0bcd65b7c315.66898495&ai=toba_editor%7C%7C1000241
Host: ::1
==========
[INFO][toba] Se detecto acceso desde el menu. Se limpia la memoria de la operacion
[DEBUG][personal] INSTALACION "C:/proyectos/toba/instalacion"
[DEBUG][personal] Parametros instancia desarrollo: array (
  'base' => 'toba_2_7',
  'proyectos' => 'toba_editor, toba_referencia, toba_usuarios, cit_digesto, personal',
  'tipo' => 'normal',
  'toba_editor' => 
  array (
    'path' => 'C:\\proyectos\\toba/proyectos/toba_editor',
    'url' => '/toba_editor/2.7',
  ),
  'toba_referencia' => 
  array (
    'path' => 'C:\\proyectos\\toba/proyectos/toba_referencia',
    'url' => '/toba_referencia/2.7',
  ),
  'toba_usuarios' => 
  array (
    'path' => 'C:\\proyectos\\toba/proyectos/toba_usuarios',
    'url' => '/toba_usuarios/2.7',
  ),
  'cit_digesto' => 
  array (
    'path' => 'C:\\proyectos\\toba/proyectos/cit_digesto',
    'url' => '/cit_digesto/1.0',
  ),
  'personal' => 
  array (
    'path' => 'C:\\proyectos\\toba/proyectos/personal',
    'url' => '',
  ),
)
[DEBUG][personal] INSTANCIA "desarrollo"
[DEBUG][personal] Conectando a base 'toba_2_7'
[DEBUG][personal] Parametros de conexion: array (
  'motor' => 'postgres7',
  'profile' => 'localhost',
  'usuario' => 'postgres',
  'clave' => 'postgres',
  'base' => 'toba_2_7',
  'puerto' => '5432',
  'encoding' => 'LATIN1',
  'schema' => 'desarrollo',
)
[DEBUG][personal] PROYECTO "personal"
[DEBUG][personal] PUNTO DE MONTAJE: se cargó exitosamente el autoload del punto de montaje proyecto
[DEBUG][toba] Se cambia el ítem solicitado a =>array (
  0 => 'personal',
  1 => '2',
)
[INFO][toba] Se detecto acceso desde el menu. Se limpia la memoria de la operacion
[DEBUG][personal] PROYECTO "personal"
[DEBUG][personal] (
				SELECT 	amo.padre,
							amo.carpeta,
							amo.proyecto,
							amo.item,
							amo.descripcion as nombre,
							ai.orden as 		orden,
							ai.imagen,
							ai.imagen_recurso_origen,
							amo.padre = '1' as es_primer_nivel
				   FROM 
							apex_usuario_grupo_acc auga
						JOIN apex_menu_operaciones amo ON (auga.menu_usuario = amo.menu_id AND auga.proyecto = amo.proyecto)
						JOIN apex_usuario_grupo_acc_item augai ON (auga.proyecto = augai.proyecto AND auga.usuario_grupo_acc = augai.usuario_grupo_acc AND augai.item = amo.item)
						JOIN apex_item ai ON (augai.item = ai.item AND augai.proyecto = ai.proyecto)	
				  WHERE (ai.menu = 1)
					AND ai.item != ai.padre
					AND	(auga.usuario_grupo_acc IN ('admin') OR ai.publico = 1)
					AND	(amo.proyecto = 'personal')
					AND auga.menu_usuario IS NOT NULL
			UNION
				SELECT 	ai.padre,
						ai.carpeta,
						ai.proyecto,
						ai.item,
						ai.nombre as nombre,
						ai.orden as 		orden,
						ai.imagen,
						ai.imagen_recurso_origen,
						ai.padre = '1' as es_primer_nivel
				FROM 
						apex_usuario_grupo_acc auga
					JOIN apex_usuario_grupo_acc_item augai ON (auga.proyecto = augai.proyecto AND auga.usuario_grupo_acc = augai.usuario_grupo_acc)
					JOIN apex_item ai ON (augai.item = ai.item AND augai.proyecto = ai.proyecto)	
				WHERE auga.menu_usuario is null
					AND (ai.menu = 1)
					AND ai.item != ai.padre
					AND	(auga.usuario_grupo_acc IN ('admin') OR ai.publico = 1)
					AND	(ai.proyecto = 'personal')
			) ORDER BY 1, 6
[DEBUG][toba] [SECCION] Iniciando componentes...
[DEBUG][toba] [SECCION] Configurando dependencias para responder al servicio...
[DEBUG][toba] [SECCION] Respondiendo al servicio__generar_html...

-o-o-o-o-o-
Fecha: 13-07-2020 04:59:16
Operacion: Inicio
Usuario: toba
Version-PHP: 5.6.3
Servidor: localhost
URI: /personal/1.0/
Host: ::1
==========
[DEBUG][personal] INSTALACION "C:/proyectos/toba/instalacion"
[DEBUG][personal] Parametros instancia desarrollo: array (
  'base' => 'toba_2_7',
  'proyectos' => 'toba_editor, toba_referencia, toba_usuarios, cit_digesto, personal',
  'tipo' => 'normal',
  'toba_editor' => 
  array (
    'path' => 'C:\\proyectos\\toba/proyectos/toba_editor',
    'url' => '/toba_editor/2.7',
  ),
  'toba_referencia' => 
  array (
    'path' => 'C:\\proyectos\\toba/proyectos/toba_referencia',
    'url' => '/toba_referencia/2.7',
  ),
  'toba_usuarios' => 
  array (
    'path' => 'C:\\proyectos\\toba/proyectos/toba_usuarios',
    'url' => '/toba_usuarios/2.7',
  ),
  'cit_digesto' => 
  array (
    'path' => 'C:\\proyectos\\toba/proyectos/cit_digesto',
    'url' => '/cit_digesto/1.0',
  ),
  'personal' => 
  array (
    'path' => 'C:\\proyectos\\toba/proyectos/personal',
    'url' => '',
  ),
)
[DEBUG][personal] INSTANCIA "desarrollo"
[DEBUG][personal] Conectando a base 'toba_2_7'
[DEBUG][personal] Parametros de conexion: array (
  'motor' => 'postgres7',
  'profile' => 'localhost',
  'usuario' => 'postgres',
  'clave' => 'postgres',
  'base' => 'toba_2_7',
  'puerto' => '5432',
  'encoding' => 'LATIN1',
  'schema' => 'desarrollo',
)
[DEBUG][personal] PROYECTO "personal"
[DEBUG][personal] PUNTO DE MONTAJE: se cargó exitosamente el autoload del punto de montaje proyecto
[DEBUG][toba] Se cambia el ítem solicitado a =>array (
  0 => 'personal',
  1 => '2',
)
[DEBUG][personal] PROYECTO "personal"
[DEBUG][personal] (
				SELECT 	amo.padre,
							amo.carpeta,
							amo.proyecto,
							amo.item,
							amo.descripcion as nombre,
							ai.orden as 		orden,
							ai.imagen,
							ai.imagen_recurso_origen,
							amo.padre = '1' as es_primer_nivel
				   FROM 
							apex_usuario_grupo_acc auga
						JOIN apex_menu_operaciones amo ON (auga.menu_usuario = amo.menu_id AND auga.proyecto = amo.proyecto)
						JOIN apex_usuario_grupo_acc_item augai ON (auga.proyecto = augai.proyecto AND auga.usuario_grupo_acc = augai.usuario_grupo_acc AND augai.item = amo.item)
						JOIN apex_item ai ON (augai.item = ai.item AND augai.proyecto = ai.proyecto)	
				  WHERE (ai.menu = 1)
					AND ai.item != ai.padre
					AND	(auga.usuario_grupo_acc IN ('admin') OR ai.publico = 1)
					AND	(amo.proyecto = 'personal')
					AND auga.menu_usuario IS NOT NULL
			UNION
				SELECT 	ai.padre,
						ai.carpeta,
						ai.proyecto,
						ai.item,
						ai.nombre as nombre,
						ai.orden as 		orden,
						ai.imagen,
						ai.imagen_recurso_origen,
						ai.padre = '1' as es_primer_nivel
				FROM 
						apex_usuario_grupo_acc auga
					JOIN apex_usuario_grupo_acc_item augai ON (auga.proyecto = augai.proyecto AND auga.usuario_grupo_acc = augai.usuario_grupo_acc)
					JOIN apex_item ai ON (augai.item = ai.item AND augai.proyecto = ai.proyecto)	
				WHERE auga.menu_usuario is null
					AND (ai.menu = 1)
					AND ai.item != ai.padre
					AND	(auga.usuario_grupo_acc IN ('admin') OR ai.publico = 1)
					AND	(ai.proyecto = 'personal')
			) ORDER BY 1, 6
[DEBUG][toba] [SECCION] Iniciando componentes...
[DEBUG][toba] [SECCION] Configurando dependencias para responder al servicio...
[DEBUG][toba] [SECCION] Respondiendo al servicio__generar_html...

-o-o-o-o-o-
Fecha: 13-07-2020 05:05:15
Operacion: Inicio
Usuario: toba
Version-PHP: 5.6.3
Servidor: localhost
URI: /personal/1.0/?ai=personal||4352&tcm=previsualizacion&tm=1
Referrer: http://localhost/toba_editor/2.7/aplicacion.php?ah=st5f0bcd65b7c315.66898495&ai=toba_editor%7C%7C1000241
Host: ::1
==========
[INFO][toba] Se detecto acceso desde el menu. Se limpia la memoria de la operacion
[DEBUG][personal] INSTALACION "C:/proyectos/toba/instalacion"
[DEBUG][personal] Parametros instancia desarrollo: array (
  'base' => 'toba_2_7',
  'proyectos' => 'toba_editor, toba_referencia, toba_usuarios, cit_digesto, personal',
  'tipo' => 'normal',
  'toba_editor' => 
  array (
    'path' => 'C:\\proyectos\\toba/proyectos/toba_editor',
    'url' => '/toba_editor/2.7',
  ),
  'toba_referencia' => 
  array (
    'path' => 'C:\\proyectos\\toba/proyectos/toba_referencia',
    'url' => '/toba_referencia/2.7',
  ),
  'toba_usuarios' => 
  array (
    'path' => 'C:\\proyectos\\toba/proyectos/toba_usuarios',
    'url' => '/toba_usuarios/2.7',
  ),
  'cit_digesto' => 
  array (
    'path' => 'C:\\proyectos\\toba/proyectos/cit_digesto',
    'url' => '/cit_digesto/1.0',
  ),
  'personal' => 
  array (
    'path' => 'C:\\proyectos\\toba/proyectos/personal',
    'url' => '',
  ),
)
[DEBUG][personal] INSTANCIA "desarrollo"
[DEBUG][personal] Conectando a base 'toba_2_7'
[DEBUG][personal] Parametros de conexion: array (
  'motor' => 'postgres7',
  'profile' => 'localhost',
  'usuario' => 'postgres',
  'clave' => 'postgres',
  'base' => 'toba_2_7',
  'puerto' => '5432',
  'encoding' => 'LATIN1',
  'schema' => 'desarrollo',
)
[DEBUG][personal] PROYECTO "personal"
[DEBUG][personal] PUNTO DE MONTAJE: se cargó exitosamente el autoload del punto de montaje proyecto
[DEBUG][toba] Se cambia el ítem solicitado a =>array (
  0 => 'personal',
  1 => '2',
)
[INFO][toba] Se detecto acceso desde el menu. Se limpia la memoria de la operacion
[DEBUG][personal] PROYECTO "personal"
[DEBUG][personal] (
				SELECT 	amo.padre,
							amo.carpeta,
							amo.proyecto,
							amo.item,
							amo.descripcion as nombre,
							ai.orden as 		orden,
							ai.imagen,
							ai.imagen_recurso_origen,
							amo.padre = '1' as es_primer_nivel
				   FROM 
							apex_usuario_grupo_acc auga
						JOIN apex_menu_operaciones amo ON (auga.menu_usuario = amo.menu_id AND auga.proyecto = amo.proyecto)
						JOIN apex_usuario_grupo_acc_item augai ON (auga.proyecto = augai.proyecto AND auga.usuario_grupo_acc = augai.usuario_grupo_acc AND augai.item = amo.item)
						JOIN apex_item ai ON (augai.item = ai.item AND augai.proyecto = ai.proyecto)	
				  WHERE (ai.menu = 1)
					AND ai.item != ai.padre
					AND	(auga.usuario_grupo_acc IN ('admin') OR ai.publico = 1)
					AND	(amo.proyecto = 'personal')
					AND auga.menu_usuario IS NOT NULL
			UNION
				SELECT 	ai.padre,
						ai.carpeta,
						ai.proyecto,
						ai.item,
						ai.nombre as nombre,
						ai.orden as 		orden,
						ai.imagen,
						ai.imagen_recurso_origen,
						ai.padre = '1' as es_primer_nivel
				FROM 
						apex_usuario_grupo_acc auga
					JOIN apex_usuario_grupo_acc_item augai ON (auga.proyecto = augai.proyecto AND auga.usuario_grupo_acc = augai.usuario_grupo_acc)
					JOIN apex_item ai ON (augai.item = ai.item AND augai.proyecto = ai.proyecto)	
				WHERE auga.menu_usuario is null
					AND (ai.menu = 1)
					AND ai.item != ai.padre
					AND	(auga.usuario_grupo_acc IN ('admin') OR ai.publico = 1)
					AND	(ai.proyecto = 'personal')
			) ORDER BY 1, 6
[DEBUG][toba] [SECCION] Iniciando componentes...
[DEBUG][toba] [SECCION] Configurando dependencias para responder al servicio...
[DEBUG][toba] [SECCION] Respondiendo al servicio__generar_html...

-o-o-o-o-o-
Fecha: 13-07-2020 05:14:07
Operacion: Inicio
Usuario: toba
Version-PHP: 5.6.3
Servidor: localhost
URI: /personal/1.0/?ai=personal&tcm=previsualizacion&tm=1
Referrer: http://localhost/toba_editor/2.7/aplicacion.php?ah=st5f0bd17bef0413.43403731&ai=toba_editor%7C%7C1000241
Host: ::1
==========
[INFO][toba] Se detecto acceso desde el menu. Se limpia la memoria de la operacion
[DEBUG][toba] Cargando USUARIO 'toba' en el proyecto 'personal'
[DEBUG][toba] Crear SESION '17' en el proyecto 'personal'
[DEBUG][toba] Se creo la SESION [usuario: toba ]
[DEBUG][personal] INSTALACION "C:/proyectos/toba/instalacion"
[DEBUG][personal] Parametros instancia desarrollo: array (
  'base' => 'toba_2_7',
  'proyectos' => 'toba_editor, toba_referencia, toba_usuarios, cit_digesto, personal',
  'tipo' => 'normal',
  'toba_editor' => 
  array (
    'path' => 'C:\\proyectos\\toba/proyectos/toba_editor',
    'url' => '/toba_editor/2.7',
  ),
  'toba_referencia' => 
  array (
    'path' => 'C:\\proyectos\\toba/proyectos/toba_referencia',
    'url' => '/toba_referencia/2.7',
  ),
  'toba_usuarios' => 
  array (
    'path' => 'C:\\proyectos\\toba/proyectos/toba_usuarios',
    'url' => '/toba_usuarios/2.7',
  ),
  'cit_digesto' => 
  array (
    'path' => 'C:\\proyectos\\toba/proyectos/cit_digesto',
    'url' => '/cit_digesto/1.0',
  ),
  'personal' => 
  array (
    'path' => 'C:\\proyectos\\toba/proyectos/personal',
    'url' => '',
  ),
)
[DEBUG][personal] INSTANCIA "desarrollo"
[DEBUG][personal] Conectando a base 'toba_2_7'
[DEBUG][personal] Parametros de conexion: array (
  'motor' => 'postgres7',
  'profile' => 'localhost',
  'usuario' => 'postgres',
  'clave' => 'postgres',
  'base' => 'toba_2_7',
  'puerto' => '5432',
  'encoding' => 'LATIN1',
  'schema' => 'desarrollo',
)
[DEBUG][personal] PROYECTO "personal"
[DEBUG][personal] PUNTO DE MONTAJE: se cargó exitosamente el autoload del punto de montaje proyecto
[DEBUG][toba] Se cambia el ítem solicitado a =>array (
  0 => 'personal',
  1 => '2',
)
[INFO][toba] Se detecto acceso desde el menu. Se limpia la memoria de la operacion
[DEBUG][personal] PROYECTO "personal"
[DEBUG][personal] (
				SELECT 	amo.padre,
							amo.carpeta,
							amo.proyecto,
							amo.item,
							amo.descripcion as nombre,
							ai.orden as 		orden,
							ai.imagen,
							ai.imagen_recurso_origen,
							amo.padre = '1' as es_primer_nivel
				   FROM 
							apex_usuario_grupo_acc auga
						JOIN apex_menu_operaciones amo ON (auga.menu_usuario = amo.menu_id AND auga.proyecto = amo.proyecto)
						JOIN apex_usuario_grupo_acc_item augai ON (auga.proyecto = augai.proyecto AND auga.usuario_grupo_acc = augai.usuario_grupo_acc AND augai.item = amo.item)
						JOIN apex_item ai ON (augai.item = ai.item AND augai.proyecto = ai.proyecto)	
				  WHERE (ai.menu = 1)
					AND ai.item != ai.padre
					AND	(auga.usuario_grupo_acc IN ('admin') OR ai.publico = 1)
					AND	(amo.proyecto = 'personal')
					AND auga.menu_usuario IS NOT NULL
			UNION
				SELECT 	ai.padre,
						ai.carpeta,
						ai.proyecto,
						ai.item,
						ai.nombre as nombre,
						ai.orden as 		orden,
						ai.imagen,
						ai.imagen_recurso_origen,
						ai.padre = '1' as es_primer_nivel
				FROM 
						apex_usuario_grupo_acc auga
					JOIN apex_usuario_grupo_acc_item augai ON (auga.proyecto = augai.proyecto AND auga.usuario_grupo_acc = augai.usuario_grupo_acc)
					JOIN apex_item ai ON (augai.item = ai.item AND augai.proyecto = ai.proyecto)	
				WHERE auga.menu_usuario is null
					AND (ai.menu = 1)
					AND ai.item != ai.padre
					AND	(auga.usuario_grupo_acc IN ('admin') OR ai.publico = 1)
					AND	(ai.proyecto = 'personal')
			) ORDER BY 1, 6
[DEBUG][toba] [SECCION] Iniciando componentes...
[DEBUG][toba] [SECCION] Configurando dependencias para responder al servicio...
[DEBUG][toba] [SECCION] Respondiendo al servicio__generar_html...

-o-o-o-o-o-
Fecha: 13-07-2020 05:16:01
Operacion: Inicio
Usuario: toba
Version-PHP: 5.6.3
Servidor: localhost
URI: /personal/1.0/?ai=personal&tcm=previsualizacion&tm=1
Referrer: http://localhost/toba_editor/2.7/aplicacion.php?ah=st5f0bd17bef0413.43403731&ai=toba_editor%7C%7C1000241
Host: ::1
==========
[INFO][toba] Se detecto acceso desde el menu. Se limpia la memoria de la operacion
[DEBUG][personal] INSTALACION "C:/proyectos/toba/instalacion"
[DEBUG][personal] Parametros instancia desarrollo: array (
  'base' => 'toba_2_7',
  'proyectos' => 'toba_editor, toba_referencia, toba_usuarios, cit_digesto, personal',
  'tipo' => 'normal',
  'toba_editor' => 
  array (
    'path' => 'C:\\proyectos\\toba/proyectos/toba_editor',
    'url' => '/toba_editor/2.7',
  ),
  'toba_referencia' => 
  array (
    'path' => 'C:\\proyectos\\toba/proyectos/toba_referencia',
    'url' => '/toba_referencia/2.7',
  ),
  'toba_usuarios' => 
  array (
    'path' => 'C:\\proyectos\\toba/proyectos/toba_usuarios',
    'url' => '/toba_usuarios/2.7',
  ),
  'cit_digesto' => 
  array (
    'path' => 'C:\\proyectos\\toba/proyectos/cit_digesto',
    'url' => '/cit_digesto/1.0',
  ),
  'personal' => 
  array (
    'path' => 'C:\\proyectos\\toba/proyectos/personal',
    'url' => '',
  ),
)
[DEBUG][personal] INSTANCIA "desarrollo"
[DEBUG][personal] Conectando a base 'toba_2_7'
[DEBUG][personal] Parametros de conexion: array (
  'motor' => 'postgres7',
  'profile' => 'localhost',
  'usuario' => 'postgres',
  'clave' => 'postgres',
  'base' => 'toba_2_7',
  'puerto' => '5432',
  'encoding' => 'LATIN1',
  'schema' => 'desarrollo',
)
[DEBUG][personal] PROYECTO "personal"
[DEBUG][personal] PUNTO DE MONTAJE: se cargó exitosamente el autoload del punto de montaje proyecto
[DEBUG][toba] Se cambia el ítem solicitado a =>array (
  0 => 'personal',
  1 => '2',
)
[INFO][toba] Se detecto acceso desde el menu. Se limpia la memoria de la operacion
[DEBUG][personal] PROYECTO "personal"
[DEBUG][personal] (
				SELECT 	amo.padre,
							amo.carpeta,
							amo.proyecto,
							amo.item,
							amo.descripcion as nombre,
							ai.orden as 		orden,
							ai.imagen,
							ai.imagen_recurso_origen,
							amo.padre = '1' as es_primer_nivel
				   FROM 
							apex_usuario_grupo_acc auga
						JOIN apex_menu_operaciones amo ON (auga.menu_usuario = amo.menu_id AND auga.proyecto = amo.proyecto)
						JOIN apex_usuario_grupo_acc_item augai ON (auga.proyecto = augai.proyecto AND auga.usuario_grupo_acc = augai.usuario_grupo_acc AND augai.item = amo.item)
						JOIN apex_item ai ON (augai.item = ai.item AND augai.proyecto = ai.proyecto)	
				  WHERE (ai.menu = 1)
					AND ai.item != ai.padre
					AND	(auga.usuario_grupo_acc IN ('admin') OR ai.publico = 1)
					AND	(amo.proyecto = 'personal')
					AND auga.menu_usuario IS NOT NULL
			UNION
				SELECT 	ai.padre,
						ai.carpeta,
						ai.proyecto,
						ai.item,
						ai.nombre as nombre,
						ai.orden as 		orden,
						ai.imagen,
						ai.imagen_recurso_origen,
						ai.padre = '1' as es_primer_nivel
				FROM 
						apex_usuario_grupo_acc auga
					JOIN apex_usuario_grupo_acc_item augai ON (auga.proyecto = augai.proyecto AND auga.usuario_grupo_acc = augai.usuario_grupo_acc)
					JOIN apex_item ai ON (augai.item = ai.item AND augai.proyecto = ai.proyecto)	
				WHERE auga.menu_usuario is null
					AND (ai.menu = 1)
					AND ai.item != ai.padre
					AND	(auga.usuario_grupo_acc IN ('admin') OR ai.publico = 1)
					AND	(ai.proyecto = 'personal')
			) ORDER BY 1, 6
[DEBUG][toba] [SECCION] Iniciando componentes...
[DEBUG][toba] [SECCION] Configurando dependencias para responder al servicio...
[DEBUG][toba] [SECCION] Respondiendo al servicio__generar_html...

-o-o-o-o-o-
Fecha: 15-07-2020 17:36:30
Operacion: Autentificación de Usuarios
Usuario: no_autentificado
Version-PHP: 5.6.3
Servidor: localhost
URI: /personal/1.0/?ai=personal||2&tcm=previsualizacion&tm=1
Referrer: http://localhost/toba_editor/2.7/aplicacion.php?ah=st5f0bd17bef0413.43403731&ai=toba_editor%7C%7C1000241
Host: ::1
==========
[INFO][toba] Se detecto acceso desde el menu. Se limpia la memoria de la operacion
[DEBUG][personal] Pérdida de sesión: Se exedio la ventana temporal (30 m.)
[DEBUG][toba] BORRAR segmento memoria PROYECTO: personal
[DEBUG][toba] BORRAR segmento memoria INSTANCIA: desarrollo
[DEBUG][toba] BORRAR segmento memoria INSTALACION
[DEBUG][personal] PUNTO DE MONTAJE: se cargó exitosamente el autoload del punto de montaje proyecto
[INFO][toba] Se detecto acceso desde el menu. Se limpia la memoria de la operacion
[NOTICE][toba] Fallo la carga de una operación publica. Se intenta con la operación predeterminada
[DEBUG][toba] Se cambia el ítem solicitado a =>NULL
[INFO][toba] Se detecto acceso desde el menu. Se limpia la memoria de la operacion
[DEBUG][toba] Se cambia el ítem solicitado a =>array (
  0 => 'personal',
  1 => '4352',
)
[INFO][toba] Se detecto acceso desde el menu. Se limpia la memoria de la operacion
[DEBUG][toba] [SECCION] Iniciando componentes...
[INFO][personal] PUNTO MONTAJE: se cargó la clase login/ci_login.php del punto de montaje proyecto. El path del mismo es C:\proyectos\toba/proyectos/personal/php
[DEBUG][toba] componente(4469): [callback][ ini__operacion ]
[DEBUG][toba] [SECCION] Procesando eventos...
[INFO][toba] componente(4469): No hay señales de un servicio anterior, no se atrapan eventos
[DEBUG][toba] [SECCION] Configurando dependencias para responder al servicio...
[DEBUG][toba] componente(4469): Pantalla de servicio: 'login'
[DEBUG][toba] componente(4469): [ callback ] 'conf__login'
[DEBUG][toba] componente(4469): [ callback ] 'conf__datos'
[DEBUG][toba] [SECCION] Respondiendo al servicio__generar_html...

-o-o-o-o-o-
Fecha: 15-07-2020 17:37:34
Operacion: Inicio
Usuario: toba
Version-PHP: 5.6.3
Servidor: localhost
URI: /personal/1.0/aplicacion.php?ah=st5f0f22bd811860.11036591&ai=personal%7C%7C2&tcm=previsualizacion
Referrer: http://localhost/personal/1.0/aplicacion.php?ah=st5f0f22a408a2c5.77296652&ai=personal%7C%7C4352&tcm=previsualizacion
Host: ::1
==========
[INFO][toba] Se detecto cambio de operación. Se limpia la memoria de la operacion
[DEBUG][personal] PUNTO DE MONTAJE: se cargó exitosamente el autoload del punto de montaje proyecto
[DEBUG][personal] (
				SELECT 	amo.padre,
							amo.carpeta,
							amo.proyecto,
							amo.item,
							amo.descripcion as nombre,
							ai.orden as 		orden,
							ai.imagen,
							ai.imagen_recurso_origen,
							amo.padre = '1' as es_primer_nivel
				   FROM 
							apex_usuario_grupo_acc auga
						JOIN apex_menu_operaciones amo ON (auga.menu_usuario = amo.menu_id AND auga.proyecto = amo.proyecto)
						JOIN apex_usuario_grupo_acc_item augai ON (auga.proyecto = augai.proyecto AND auga.usuario_grupo_acc = augai.usuario_grupo_acc AND augai.item = amo.item)
						JOIN apex_item ai ON (augai.item = ai.item AND augai.proyecto = ai.proyecto)	
				  WHERE (ai.menu = 1)
					AND ai.item != ai.padre
					AND	(auga.usuario_grupo_acc IN ('admin') OR ai.publico = 1)
					AND	(amo.proyecto = 'personal')
					AND auga.menu_usuario IS NOT NULL
			UNION
				SELECT 	ai.padre,
						ai.carpeta,
						ai.proyecto,
						ai.item,
						ai.nombre as nombre,
						ai.orden as 		orden,
						ai.imagen,
						ai.imagen_recurso_origen,
						ai.padre = '1' as es_primer_nivel
				FROM 
						apex_usuario_grupo_acc auga
					JOIN apex_usuario_grupo_acc_item augai ON (auga.proyecto = augai.proyecto AND auga.usuario_grupo_acc = augai.usuario_grupo_acc)
					JOIN apex_item ai ON (augai.item = ai.item AND augai.proyecto = ai.proyecto)	
				WHERE auga.menu_usuario is null
					AND (ai.menu = 1)
					AND ai.item != ai.padre
					AND	(auga.usuario_grupo_acc IN ('admin') OR ai.publico = 1)
					AND	(ai.proyecto = 'personal')
			) ORDER BY 1, 6
[DEBUG][toba] [SECCION] Iniciando componentes...
[DEBUG][toba] [SECCION] Configurando dependencias para responder al servicio...
[DEBUG][toba] [SECCION] Respondiendo al servicio__generar_html...

-o-o-o-o-o-
Fecha: 15-07-2020 17:37:44
Operacion: Departamento
Usuario: toba
Version-PHP: 5.6.3
Servidor: localhost
URI: /personal/1.0/aplicacion.php?ah=st5f0f22bdcb06e7.03513617&ai=personal%7C%7C4355&tcm=previsualizacion&tm=1
Referrer: http://localhost/personal/1.0/aplicacion.php?ah=st5f0f22bd811860.11036591&ai=personal%7C%7C2&tcm=previsualizacion
Host: ::1
==========
[INFO][toba] Se detecto acceso desde el menu. Se limpia la memoria de la operacion
[DEBUG][personal] PUNTO DE MONTAJE: se cargó exitosamente el autoload del punto de montaje proyecto
[DEBUG][personal] (
				SELECT 	amo.padre,
							amo.carpeta,
							amo.proyecto,
							amo.item,
							amo.descripcion as nombre,
							ai.orden as 		orden,
							ai.imagen,
							ai.imagen_recurso_origen,
							amo.padre = '1' as es_primer_nivel
				   FROM 
							apex_usuario_grupo_acc auga
						JOIN apex_menu_operaciones amo ON (auga.menu_usuario = amo.menu_id AND auga.proyecto = amo.proyecto)
						JOIN apex_usuario_grupo_acc_item augai ON (auga.proyecto = augai.proyecto AND auga.usuario_grupo_acc = augai.usuario_grupo_acc AND augai.item = amo.item)
						JOIN apex_item ai ON (augai.item = ai.item AND augai.proyecto = ai.proyecto)	
				  WHERE (ai.menu = 1)
					AND ai.item != ai.padre
					AND	(auga.usuario_grupo_acc IN ('admin') OR ai.publico = 1)
					AND	(amo.proyecto = 'personal')
					AND auga.menu_usuario IS NOT NULL
			UNION
				SELECT 	ai.padre,
						ai.carpeta,
						ai.proyecto,
						ai.item,
						ai.nombre as nombre,
						ai.orden as 		orden,
						ai.imagen,
						ai.imagen_recurso_origen,
						ai.padre = '1' as es_primer_nivel
				FROM 
						apex_usuario_grupo_acc auga
					JOIN apex_usuario_grupo_acc_item augai ON (auga.proyecto = augai.proyecto AND auga.usuario_grupo_acc = augai.usuario_grupo_acc)
					JOIN apex_item ai ON (augai.item = ai.item AND augai.proyecto = ai.proyecto)	
				WHERE auga.menu_usuario is null
					AND (ai.menu = 1)
					AND ai.item != ai.padre
					AND	(auga.usuario_grupo_acc IN ('admin') OR ai.publico = 1)
					AND	(ai.proyecto = 'personal')
			) ORDER BY 1, 6
[DEBUG][toba] [SECCION] Iniciando componentes...
[INFO][personal] PUNTO MONTAJE: se cargó la clase departamento/ci_departamento.php del punto de montaje proyecto. El path del mismo es C:\proyectos\toba/proyectos/personal/php
[DEBUG][toba] componente(4476): [callback][ ini__operacion ]
[DEBUG][toba] [SECCION] Procesando eventos...
[INFO][toba] componente(4476): No hay señales de un servicio anterior, no se atrapan eventos
[DEBUG][toba] [SECCION] Configurando dependencias para responder al servicio...
[DEBUG][toba] componente(4476): Pantalla de servicio: 'pant_seleccion'
[INFO][toba] componente(4476): [ callback ] 'conf__pant_seleccion' no fue atrapado
[DEBUG][toba] componente(4476): [ callback ] 'conf__cuadro'
[INFO][personal] PUNTO MONTAJE: se cargó la clase datos/dt_departamentos.php del punto de montaje proyecto. El path del mismo es C:\proyectos\toba/proyectos/personal/php
[DEBUG][toba] [SECCION] Respondiendo al servicio__generar_html...

-o-o-o-o-o-
Fecha: 15-07-2020 17:37:49
Operacion: Departamento
Usuario: toba
Version-PHP: 5.6.3
Servidor: localhost
URI: /personal/1.0/aplicacion.php?ah=st5f0f22c7bae222.67100386&ai=personal%7C%7C4355&tcm=previsualizacion
Referrer: http://localhost/personal/1.0/aplicacion.php?ah=st5f0f22bdcb06e7.03513617&ai=personal%7C%7C4355&tcm=previsualizacion&tm=1
Host: ::1
==========
[DEBUG][personal] PUNTO DE MONTAJE: se cargó exitosamente el autoload del punto de montaje proyecto
[DEBUG][personal] (
				SELECT 	amo.padre,
							amo.carpeta,
							amo.proyecto,
							amo.item,
							amo.descripcion as nombre,
							ai.orden as 		orden,
							ai.imagen,
							ai.imagen_recurso_origen,
							amo.padre = '1' as es_primer_nivel
				   FROM 
							apex_usuario_grupo_acc auga
						JOIN apex_menu_operaciones amo ON (auga.menu_usuario = amo.menu_id AND auga.proyecto = amo.proyecto)
						JOIN apex_usuario_grupo_acc_item augai ON (auga.proyecto = augai.proyecto AND auga.usuario_grupo_acc = augai.usuario_grupo_acc AND augai.item = amo.item)
						JOIN apex_item ai ON (augai.item = ai.item AND augai.proyecto = ai.proyecto)	
				  WHERE (ai.menu = 1)
					AND ai.item != ai.padre
					AND	(auga.usuario_grupo_acc IN ('admin') OR ai.publico = 1)
					AND	(amo.proyecto = 'personal')
					AND auga.menu_usuario IS NOT NULL
			UNION
				SELECT 	ai.padre,
						ai.carpeta,
						ai.proyecto,
						ai.item,
						ai.nombre as nombre,
						ai.orden as 		orden,
						ai.imagen,
						ai.imagen_recurso_origen,
						ai.padre = '1' as es_primer_nivel
				FROM 
						apex_usuario_grupo_acc auga
					JOIN apex_usuario_grupo_acc_item augai ON (auga.proyecto = augai.proyecto AND auga.usuario_grupo_acc = augai.usuario_grupo_acc)
					JOIN apex_item ai ON (augai.item = ai.item AND augai.proyecto = ai.proyecto)	
				WHERE auga.menu_usuario is null
					AND (ai.menu = 1)
					AND ai.item != ai.padre
					AND	(auga.usuario_grupo_acc IN ('admin') OR ai.publico = 1)
					AND	(ai.proyecto = 'personal')
			) ORDER BY 1, 6
[DEBUG][toba] [SECCION] Iniciando componentes...
[INFO][personal] PUNTO MONTAJE: se cargó la clase departamento/ci_departamento.php del punto de montaje proyecto. El path del mismo es C:\proyectos\toba/proyectos/personal/php
[DEBUG][toba] componente(4476): Pantalla de eventos: 'pant_seleccion'
[DEBUG][toba] [SECCION] Procesando eventos...
[DEBUG][toba] componente(4476): [ inicializar_dependencias ]
array (
  0 => 'cuadro',
)
[DEBUG][toba] componente(4476): [ registrar_evento ] 'seleccion' -> [ evt__cuadro__seleccion ]
array (
  0 => 
  array (
    'depto' => 5,
  ),
)
[INFO][personal] PUNTO MONTAJE: se cargó la clase datos/dt_departamentos.php del punto de montaje proyecto. El path del mismo es C:\proyectos\toba/proyectos/personal/php
[DEBUG][toba] componente(4473): personal_datos_relacion: ***   Inicio CARGAR ****************************
[DEBUG][toba] TABLA: [departamentos]
RESET!!
[DEBUG][toba] TABLA: [departamentos]
Se resetea el cursor
[DEBUG][toba] AP_TABLA: [departamentos]
SQL de carga: 
SELECT
	departamentos.depto, 
	departamentos.departamento
FROM
	departamentos as departamentos
WHERE
	departamentos.depto = '5'

[DEBUG][toba] TABLA: [departamentos]
Carga de datos  FILAS: 1
[DEBUG][toba] componente(4473): personal_datos_relacion: ***   Fin CARGAR (OK) *************************
[INFO][toba] componente(4476): [ callback ] 'evt__pant_seleccion__salida' no fue atrapado
[INFO][toba] componente(4476): [ callback ] 'evt__pant_edicion__entrada' no fue atrapado
[DEBUG][toba] [SECCION] Configurando dependencias para responder al servicio...
[DEBUG][toba] componente(4476): Pantalla de servicio: 'pant_edicion'
[INFO][toba] componente(4476): [ callback ] 'conf__pant_edicion' no fue atrapado
[DEBUG][toba] componente(4475):  IMPLICITO: modificacion
[DEBUG][toba] componente(4476): [ callback ] 'conf__formulario'
[DEBUG][toba] [SECCION] Respondiendo al servicio__generar_html...

-o-o-o-o-o-
Fecha: 15-07-2020 17:37:53
Operacion: Departamento
Usuario: toba
Version-PHP: 5.6.3
Servidor: localhost
URI: /personal/1.0/aplicacion.php?ah=st5f0f22cd4b0695.03112845&ai=personal%7C%7C4355&tcm=previsualizacion
Referrer: http://localhost/personal/1.0/aplicacion.php?ah=st5f0f22c7bae222.67100386&ai=personal%7C%7C4355&tcm=previsualizacion
Host: ::1
==========
[DEBUG][personal] PUNTO DE MONTAJE: se cargó exitosamente el autoload del punto de montaje proyecto
[DEBUG][personal] (
				SELECT 	amo.padre,
							amo.carpeta,
							amo.proyecto,
							amo.item,
							amo.descripcion as nombre,
							ai.orden as 		orden,
							ai.imagen,
							ai.imagen_recurso_origen,
							amo.padre = '1' as es_primer_nivel
				   FROM 
							apex_usuario_grupo_acc auga
						JOIN apex_menu_operaciones amo ON (auga.menu_usuario = amo.menu_id AND auga.proyecto = amo.proyecto)
						JOIN apex_usuario_grupo_acc_item augai ON (auga.proyecto = augai.proyecto AND auga.usuario_grupo_acc = augai.usuario_grupo_acc AND augai.item = amo.item)
						JOIN apex_item ai ON (augai.item = ai.item AND augai.proyecto = ai.proyecto)	
				  WHERE (ai.menu = 1)
					AND ai.item != ai.padre
					AND	(auga.usuario_grupo_acc IN ('admin') OR ai.publico = 1)
					AND	(amo.proyecto = 'personal')
					AND auga.menu_usuario IS NOT NULL
			UNION
				SELECT 	ai.padre,
						ai.carpeta,
						ai.proyecto,
						ai.item,
						ai.nombre as nombre,
						ai.orden as 		orden,
						ai.imagen,
						ai.imagen_recurso_origen,
						ai.padre = '1' as es_primer_nivel
				FROM 
						apex_usuario_grupo_acc auga
					JOIN apex_usuario_grupo_acc_item augai ON (auga.proyecto = augai.proyecto AND auga.usuario_grupo_acc = augai.usuario_grupo_acc)
					JOIN apex_item ai ON (augai.item = ai.item AND augai.proyecto = ai.proyecto)	
				WHERE auga.menu_usuario is null
					AND (ai.menu = 1)
					AND ai.item != ai.padre
					AND	(auga.usuario_grupo_acc IN ('admin') OR ai.publico = 1)
					AND	(ai.proyecto = 'personal')
			) ORDER BY 1, 6
[DEBUG][toba] [SECCION] Iniciando componentes...
[INFO][personal] PUNTO MONTAJE: se cargó la clase departamento/ci_departamento.php del punto de montaje proyecto. El path del mismo es C:\proyectos\toba/proyectos/personal/php
[DEBUG][toba] componente(4476): Pantalla de eventos: 'pant_edicion'
[DEBUG][toba] [SECCION] Procesando eventos...
[DEBUG][toba] componente(4476): [ inicializar_dependencias ]
array (
  0 => 'formulario',
)
[DEBUG][toba] componente(4475):  IMPLICITO: modificacion
[DEBUG][toba] componente(4476): [ registrar_evento ] 'modificacion' -> [ evt__formulario__modificacion ]
array (
  0 => 
  array (
    'depto' => '5',
    'departamento' => '\'BIOMATEMATICA Y FISICO-QUIMICA\'',
  ),
)
[INFO][personal] PUNTO MONTAJE: se cargó la clase datos/dt_departamentos.php del punto de montaje proyecto. El path del mismo es C:\proyectos\toba/proyectos/personal/php
[DEBUG][toba] componente(4476): [ evento ] 'volver' -> [ evt__volver ]
[DEBUG][toba] TABLA: [departamentos]
RESET!!
[DEBUG][toba] TABLA: [departamentos]
Se resetea el cursor
[INFO][toba] componente(4476): [ callback ] 'evt__pant_edicion__salida' no fue atrapado
[INFO][toba] componente(4476): [ callback ] 'evt__pant_seleccion__entrada' no fue atrapado
[DEBUG][toba] [SECCION] Configurando dependencias para responder al servicio...
[DEBUG][toba] componente(4476): Pantalla de servicio: 'pant_seleccion'
[INFO][toba] componente(4476): [ callback ] 'conf__pant_seleccion' no fue atrapado
[DEBUG][toba] componente(4476): [ callback ] 'conf__cuadro'
[DEBUG][toba] [SECCION] Respondiendo al servicio__generar_html...

-o-o-o-o-o-
Fecha: 15-07-2020 17:41:37
Operacion: Inicio
Usuario: toba
Version-PHP: 5.6.3
Servidor: localhost
URI: /personal/1.0/?ai=personal||2&tcm=previsualizacion&tm=1
Referrer: http://localhost/toba_editor/2.7/aplicacion.php?ah=st5f0f22ec407e69.43377652&ai=toba_editor%7C%7C1000241
Host: ::1
==========
[INFO][toba] Se detecto acceso desde el menu. Se limpia la memoria de la operacion
[DEBUG][personal] INSTALACION "C:/proyectos/toba/instalacion"
[DEBUG][personal] Parametros instancia desarrollo: array (
  'base' => 'toba_2_7',
  'proyectos' => 'toba_editor, toba_referencia, toba_usuarios, cit_digesto, personal',
  'tipo' => 'normal',
  'toba_editor' => 
  array (
    'path' => 'C:\\proyectos\\toba/proyectos/toba_editor',
    'url' => '/toba_editor/2.7',
  ),
  'toba_referencia' => 
  array (
    'path' => 'C:\\proyectos\\toba/proyectos/toba_referencia',
    'url' => '/toba_referencia/2.7',
  ),
  'toba_usuarios' => 
  array (
    'path' => 'C:\\proyectos\\toba/proyectos/toba_usuarios',
    'url' => '/toba_usuarios/2.7',
  ),
  'cit_digesto' => 
  array (
    'path' => 'C:\\proyectos\\toba/proyectos/cit_digesto',
    'url' => '/cit_digesto/1.0',
  ),
  'personal' => 
  array (
    'path' => 'C:\\proyectos\\toba/proyectos/personal',
    'url' => '',
  ),
)
[DEBUG][personal] INSTANCIA "desarrollo"
[DEBUG][personal] Conectando a base 'toba_2_7'
[DEBUG][personal] Parametros de conexion: array (
  'motor' => 'postgres7',
  'profile' => 'localhost',
  'usuario' => 'postgres',
  'clave' => 'postgres',
  'base' => 'toba_2_7',
  'puerto' => '5432',
  'encoding' => 'LATIN1',
  'schema' => 'desarrollo',
)
[DEBUG][personal] PROYECTO "personal"
[DEBUG][personal] PUNTO DE MONTAJE: se cargó exitosamente el autoload del punto de montaje proyecto
[DEBUG][personal] PROYECTO "personal"
[DEBUG][personal] (
				SELECT 	amo.padre,
							amo.carpeta,
							amo.proyecto,
							amo.item,
							amo.descripcion as nombre,
							ai.orden as 		orden,
							ai.imagen,
							ai.imagen_recurso_origen,
							amo.padre = '1' as es_primer_nivel
				   FROM 
							apex_usuario_grupo_acc auga
						JOIN apex_menu_operaciones amo ON (auga.menu_usuario = amo.menu_id AND auga.proyecto = amo.proyecto)
						JOIN apex_usuario_grupo_acc_item augai ON (auga.proyecto = augai.proyecto AND auga.usuario_grupo_acc = augai.usuario_grupo_acc AND augai.item = amo.item)
						JOIN apex_item ai ON (augai.item = ai.item AND augai.proyecto = ai.proyecto)	
				  WHERE (ai.menu = 1)
					AND ai.item != ai.padre
					AND	(auga.usuario_grupo_acc IN ('admin') OR ai.publico = 1)
					AND	(amo.proyecto = 'personal')
					AND auga.menu_usuario IS NOT NULL
			UNION
				SELECT 	ai.padre,
						ai.carpeta,
						ai.proyecto,
						ai.item,
						ai.nombre as nombre,
						ai.orden as 		orden,
						ai.imagen,
						ai.imagen_recurso_origen,
						ai.padre = '1' as es_primer_nivel
				FROM 
						apex_usuario_grupo_acc auga
					JOIN apex_usuario_grupo_acc_item augai ON (auga.proyecto = augai.proyecto AND auga.usuario_grupo_acc = augai.usuario_grupo_acc)
					JOIN apex_item ai ON (augai.item = ai.item AND augai.proyecto = ai.proyecto)	
				WHERE auga.menu_usuario is null
					AND (ai.menu = 1)
					AND ai.item != ai.padre
					AND	(auga.usuario_grupo_acc IN ('admin') OR ai.publico = 1)
					AND	(ai.proyecto = 'personal')
			) ORDER BY 1, 6
[DEBUG][toba] [SECCION] Iniciando componentes...
[DEBUG][toba] [SECCION] Configurando dependencias para responder al servicio...
[DEBUG][toba] [SECCION] Respondiendo al servicio__generar_html...

-o-o-o-o-o-
Fecha: 15-07-2020 17:52:46
Operacion: Inicio
Usuario: toba
Version-PHP: 5.6.3
Servidor: localhost
URI: /personal/1.0/?ai=personal&tcm=previsualizacion&tm=1
Referrer: http://localhost/toba_editor/2.7/aplicacion.php?ah=st5f0f22ec407e69.43377652&ai=toba_editor%7C%7C1000241
Host: ::1
==========
[INFO][toba] Se detecto acceso desde el menu. Se limpia la memoria de la operacion
[DEBUG][personal] INSTALACION "C:/proyectos/toba/instalacion"
[DEBUG][personal] Parametros instancia desarrollo: array (
  'base' => 'toba_2_7',
  'proyectos' => 'toba_editor, toba_referencia, toba_usuarios, cit_digesto, personal',
  'tipo' => 'normal',
  'toba_editor' => 
  array (
    'path' => 'C:\\proyectos\\toba/proyectos/toba_editor',
    'url' => '/toba_editor/2.7',
  ),
  'toba_referencia' => 
  array (
    'path' => 'C:\\proyectos\\toba/proyectos/toba_referencia',
    'url' => '/toba_referencia/2.7',
  ),
  'toba_usuarios' => 
  array (
    'path' => 'C:\\proyectos\\toba/proyectos/toba_usuarios',
    'url' => '/toba_usuarios/2.7',
  ),
  'cit_digesto' => 
  array (
    'path' => 'C:\\proyectos\\toba/proyectos/cit_digesto',
    'url' => '/cit_digesto/1.0',
  ),
  'personal' => 
  array (
    'path' => 'C:\\proyectos\\toba/proyectos/personal',
    'url' => '',
  ),
)
[DEBUG][personal] INSTANCIA "desarrollo"
[DEBUG][personal] Conectando a base 'toba_2_7'
[DEBUG][personal] Parametros de conexion: array (
  'motor' => 'postgres7',
  'profile' => 'localhost',
  'usuario' => 'postgres',
  'clave' => 'postgres',
  'base' => 'toba_2_7',
  'puerto' => '5432',
  'encoding' => 'LATIN1',
  'schema' => 'desarrollo',
)
[DEBUG][personal] PROYECTO "personal"
[DEBUG][personal] PUNTO DE MONTAJE: se cargó exitosamente el autoload del punto de montaje proyecto
[DEBUG][toba] Se cambia el ítem solicitado a =>array (
  0 => 'personal',
  1 => '2',
)
[INFO][toba] Se detecto acceso desde el menu. Se limpia la memoria de la operacion
[DEBUG][personal] PROYECTO "personal"
[DEBUG][personal] (
				SELECT 	amo.padre,
							amo.carpeta,
							amo.proyecto,
							amo.item,
							amo.descripcion as nombre,
							ai.orden as 		orden,
							ai.imagen,
							ai.imagen_recurso_origen,
							amo.padre = '1' as es_primer_nivel
				   FROM 
							apex_usuario_grupo_acc auga
						JOIN apex_menu_operaciones amo ON (auga.menu_usuario = amo.menu_id AND auga.proyecto = amo.proyecto)
						JOIN apex_usuario_grupo_acc_item augai ON (auga.proyecto = augai.proyecto AND auga.usuario_grupo_acc = augai.usuario_grupo_acc AND augai.item = amo.item)
						JOIN apex_item ai ON (augai.item = ai.item AND augai.proyecto = ai.proyecto)	
				  WHERE (ai.menu = 1)
					AND ai.item != ai.padre
					AND	(auga.usuario_grupo_acc IN ('admin') OR ai.publico = 1)
					AND	(amo.proyecto = 'personal')
					AND auga.menu_usuario IS NOT NULL
			UNION
				SELECT 	ai.padre,
						ai.carpeta,
						ai.proyecto,
						ai.item,
						ai.nombre as nombre,
						ai.orden as 		orden,
						ai.imagen,
						ai.imagen_recurso_origen,
						ai.padre = '1' as es_primer_nivel
				FROM 
						apex_usuario_grupo_acc auga
					JOIN apex_usuario_grupo_acc_item augai ON (auga.proyecto = augai.proyecto AND auga.usuario_grupo_acc = augai.usuario_grupo_acc)
					JOIN apex_item ai ON (augai.item = ai.item AND augai.proyecto = ai.proyecto)	
				WHERE auga.menu_usuario is null
					AND (ai.menu = 1)
					AND ai.item != ai.padre
					AND	(auga.usuario_grupo_acc IN ('admin') OR ai.publico = 1)
					AND	(ai.proyecto = 'personal')
			) ORDER BY 1, 6
[DEBUG][toba] [SECCION] Iniciando componentes...
[DEBUG][toba] [SECCION] Configurando dependencias para responder al servicio...
[DEBUG][toba] [SECCION] Respondiendo al servicio__generar_html...

-o-o-o-o-o-
Fecha: 15-07-2020 17:58:48
Operacion: Inicio
Usuario: toba
Version-PHP: 5.6.3
Servidor: localhost
URI: /personal/1.0/?ai=personal||2&tcm=previsualizacion&tm=1
Referrer: http://localhost/toba_editor/2.7/aplicacion.php?ah=st5f0f22ec407e69.43377652&ai=toba_editor%7C%7C1000241
Host: ::1
==========
[INFO][toba] Se detecto acceso desde el menu. Se limpia la memoria de la operacion
[DEBUG][personal] INSTALACION "C:/proyectos/toba/instalacion"
[DEBUG][personal] Parametros instancia desarrollo: array (
  'base' => 'toba_2_7',
  'proyectos' => 'toba_editor, toba_referencia, toba_usuarios, cit_digesto, personal',
  'tipo' => 'normal',
  'toba_editor' => 
  array (
    'path' => 'C:\\proyectos\\toba/proyectos/toba_editor',
    'url' => '/toba_editor/2.7',
  ),
  'toba_referencia' => 
  array (
    'path' => 'C:\\proyectos\\toba/proyectos/toba_referencia',
    'url' => '/toba_referencia/2.7',
  ),
  'toba_usuarios' => 
  array (
    'path' => 'C:\\proyectos\\toba/proyectos/toba_usuarios',
    'url' => '/toba_usuarios/2.7',
  ),
  'cit_digesto' => 
  array (
    'path' => 'C:\\proyectos\\toba/proyectos/cit_digesto',
    'url' => '/cit_digesto/1.0',
  ),
  'personal' => 
  array (
    'path' => 'C:\\proyectos\\toba/proyectos/personal',
    'url' => '',
  ),
)
[DEBUG][personal] INSTANCIA "desarrollo"
[DEBUG][personal] Conectando a base 'toba_2_7'
[DEBUG][personal] Parametros de conexion: array (
  'motor' => 'postgres7',
  'profile' => 'localhost',
  'usuario' => 'postgres',
  'clave' => 'postgres',
  'base' => 'toba_2_7',
  'puerto' => '5432',
  'encoding' => 'LATIN1',
  'schema' => 'desarrollo',
)
[DEBUG][personal] PROYECTO "personal"
[DEBUG][personal] PUNTO DE MONTAJE: se cargó exitosamente el autoload del punto de montaje proyecto
[DEBUG][personal] PROYECTO "personal"
[DEBUG][personal] (
				SELECT 	amo.padre,
							amo.carpeta,
							amo.proyecto,
							amo.item,
							amo.descripcion as nombre,
							ai.orden as 		orden,
							ai.imagen,
							ai.imagen_recurso_origen,
							amo.padre = '1' as es_primer_nivel
				   FROM 
							apex_usuario_grupo_acc auga
						JOIN apex_menu_operaciones amo ON (auga.menu_usuario = amo.menu_id AND auga.proyecto = amo.proyecto)
						JOIN apex_usuario_grupo_acc_item augai ON (auga.proyecto = augai.proyecto AND auga.usuario_grupo_acc = augai.usuario_grupo_acc AND augai.item = amo.item)
						JOIN apex_item ai ON (augai.item = ai.item AND augai.proyecto = ai.proyecto)	
				  WHERE (ai.menu = 1)
					AND ai.item != ai.padre
					AND	(auga.usuario_grupo_acc IN ('admin') OR ai.publico = 1)
					AND	(amo.proyecto = 'personal')
					AND auga.menu_usuario IS NOT NULL
			UNION
				SELECT 	ai.padre,
						ai.carpeta,
						ai.proyecto,
						ai.item,
						ai.nombre as nombre,
						ai.orden as 		orden,
						ai.imagen,
						ai.imagen_recurso_origen,
						ai.padre = '1' as es_primer_nivel
				FROM 
						apex_usuario_grupo_acc auga
					JOIN apex_usuario_grupo_acc_item augai ON (auga.proyecto = augai.proyecto AND auga.usuario_grupo_acc = augai.usuario_grupo_acc)
					JOIN apex_item ai ON (augai.item = ai.item AND augai.proyecto = ai.proyecto)	
				WHERE auga.menu_usuario is null
					AND (ai.menu = 1)
					AND ai.item != ai.padre
					AND	(auga.usuario_grupo_acc IN ('admin') OR ai.publico = 1)
					AND	(ai.proyecto = 'personal')
			) ORDER BY 1, 6
[DEBUG][toba] [SECCION] Iniciando componentes...
[DEBUG][toba] [SECCION] Configurando dependencias para responder al servicio...
[DEBUG][toba] [SECCION] Respondiendo al servicio__generar_html...

